This is pdfTeX, Version 3.1415926-2.5-1.40.14 (MiKTeX 2.9) (preloaded format=pdflatex 2015.4.30)  15 MAY 2015 12:57
entering extended mode
**C:/Users/Houssem/Desktop/pfat/RapportSarar/rapport_PFE.tex
(C:/Users/Houssem/Desktop/pfat/RapportSarar/rapport_PFE.tex
LaTeX2e <2011/06/27>
Babel <v3.8m> and hyphenation patterns for english, afrikaans, ancientgreek, ar
abic, armenian, assamese, basque, bengali, bokmal, bulgarian, catalan, coptic, 
croatian, czech, danish, dutch, esperanto, estonian, farsi, finnish, french, ga
lician, german, german-x-2013-05-26, greek, gujarati, hindi, hungarian, iceland
ic, indonesian, interlingua, irish, italian, kannada, kurmanji, latin, latvian,
 lithuanian, malayalam, marathi, mongolian, mongolianlmc, monogreek, ngerman, n
german-x-2013-05-26, nynorsk, oriya, panjabi, pinyin, polish, portuguese, roman
ian, russian, sanskrit, serbian, slovak, slovenian, spanish, swedish, swissgerm
an, tamil, telugu, turkish, turkmen, ukenglish, ukrainian, uppersorbian, usengl
ishmax, welsh, loaded.
("C:\Program Files (x86)\MiKTeX 2.9\tex\latex\base\report.cls"
Document Class: report 2007/10/19 v1.4h Standard LaTeX document class
("C:\Program Files (x86)\MiKTeX 2.9\tex\latex\base\size12.clo"
File: size12.clo 2007/10/19 v1.4h Standard LaTeX file (size option)
)
\c@part=\count79
\c@chapter=\count80
\c@section=\count81
\c@subsection=\count82
\c@subsubsection=\count83
\c@paragraph=\count84
\c@subparagraph=\count85
\c@figure=\count86
\c@table=\count87
\abovecaptionskip=\skip41
\belowcaptionskip=\skip42
\bibindent=\dimen102
)
("C:\Program Files (x86)\MiKTeX 2.9\tex\latex\base\inputenc.sty"
Package: inputenc 2008/03/30 v1.1d Input encoding file
\inpenc@prehook=\toks14
\inpenc@posthook=\toks15

("C:\Program Files (x86)\MiKTeX 2.9\tex\latex\base\utf8.def"
File: utf8.def 2008/04/05 v1.1m UTF-8 support for inputenc
Now handling font encoding OML ...
... no UTF-8 mapping file for font encoding OML
Now handling font encoding T1 ...
... processing UTF-8 mapping file for font encoding T1

("C:\Program Files (x86)\MiKTeX 2.9\tex\latex\base\t1enc.dfu"
File: t1enc.dfu 2008/04/05 v1.1m UTF-8 support for inputenc
   defining Unicode char U+00A1 (decimal 161)
   defining Unicode char U+00A3 (decimal 163)
   defining Unicode char U+00AB (decimal 171)
   defining Unicode char U+00BB (decimal 187)
   defining Unicode char U+00BF (decimal 191)
   defining Unicode char U+00C0 (decimal 192)
   defining Unicode char U+00C1 (decimal 193)
   defining Unicode char U+00C2 (decimal 194)
   defining Unicode char U+00C3 (decimal 195)
   defining Unicode char U+00C4 (decimal 196)
   defining Unicode char U+00C5 (decimal 197)
   defining Unicode char U+00C6 (decimal 198)
   defining Unicode char U+00C7 (decimal 199)
   defining Unicode char U+00C8 (decimal 200)
   defining Unicode char U+00C9 (decimal 201)
   defining Unicode char U+00CA (decimal 202)
   defining Unicode char U+00CB (decimal 203)
   defining Unicode char U+00CC (decimal 204)
   defining Unicode char U+00CD (decimal 205)
   defining Unicode char U+00CE (decimal 206)
   defining Unicode char U+00CF (decimal 207)
   defining Unicode char U+00D0 (decimal 208)
   defining Unicode char U+00D1 (decimal 209)
   defining Unicode char U+00D2 (decimal 210)
   defining Unicode char U+00D3 (decimal 211)
   defining Unicode char U+00D4 (decimal 212)
   defining Unicode char U+00D5 (decimal 213)
   defining Unicode char U+00D6 (decimal 214)
   defining Unicode char U+00D8 (decimal 216)
   defining Unicode char U+00D9 (decimal 217)
   defining Unicode char U+00DA (decimal 218)
   defining Unicode char U+00DB (decimal 219)
   defining Unicode char U+00DC (decimal 220)
   defining Unicode char U+00DD (decimal 221)
   defining Unicode char U+00DE (decimal 222)
   defining Unicode char U+00DF (decimal 223)
   defining Unicode char U+00E0 (decimal 224)
   defining Unicode char U+00E1 (decimal 225)
   defining Unicode char U+00E2 (decimal 226)
   defining Unicode char U+00E3 (decimal 227)
   defining Unicode char U+00E4 (decimal 228)
   defining Unicode char U+00E5 (decimal 229)
   defining Unicode char U+00E6 (decimal 230)
   defining Unicode char U+00E7 (decimal 231)
   defining Unicode char U+00E8 (decimal 232)
   defining Unicode char U+00E9 (decimal 233)
   defining Unicode char U+00EA (decimal 234)
   defining Unicode char U+00EB (decimal 235)
   defining Unicode char U+00EC (decimal 236)
   defining Unicode char U+00ED (decimal 237)
   defining Unicode char U+00EE (decimal 238)
   defining Unicode char U+00EF (decimal 239)
   defining Unicode char U+00F0 (decimal 240)
   defining Unicode char U+00F1 (decimal 241)
   defining Unicode char U+00F2 (decimal 242)
   defining Unicode char U+00F3 (decimal 243)
   defining Unicode char U+00F4 (decimal 244)
   defining Unicode char U+00F5 (decimal 245)
   defining Unicode char U+00F6 (decimal 246)
   defining Unicode char U+00F8 (decimal 248)
   defining Unicode char U+00F9 (decimal 249)
   defining Unicode char U+00FA (decimal 250)
   defining Unicode char U+00FB (decimal 251)
   defining Unicode char U+00FC (decimal 252)
   defining Unicode char U+00FD (decimal 253)
   defining Unicode char U+00FE (decimal 254)
   defining Unicode char U+00FF (decimal 255)
   defining Unicode char U+0102 (decimal 258)
   defining Unicode char U+0103 (decimal 259)
   defining Unicode char U+0104 (decimal 260)
   defining Unicode char U+0105 (decimal 261)
   defining Unicode char U+0106 (decimal 262)
   defining Unicode char U+0107 (decimal 263)
   defining Unicode char U+010C (decimal 268)
   defining Unicode char U+010D (decimal 269)
   defining Unicode char U+010E (decimal 270)
   defining Unicode char U+010F (decimal 271)
   defining Unicode char U+0110 (decimal 272)
   defining Unicode char U+0111 (decimal 273)
   defining Unicode char U+0118 (decimal 280)
   defining Unicode char U+0119 (decimal 281)
   defining Unicode char U+011A (decimal 282)
   defining Unicode char U+011B (decimal 283)
   defining Unicode char U+011E (decimal 286)
   defining Unicode char U+011F (decimal 287)
   defining Unicode char U+0130 (decimal 304)
   defining Unicode char U+0131 (decimal 305)
   defining Unicode char U+0132 (decimal 306)
   defining Unicode char U+0133 (decimal 307)
   defining Unicode char U+0139 (decimal 313)
   defining Unicode char U+013A (decimal 314)
   defining Unicode char U+013D (decimal 317)
   defining Unicode char U+013E (decimal 318)
   defining Unicode char U+0141 (decimal 321)
   defining Unicode char U+0142 (decimal 322)
   defining Unicode char U+0143 (decimal 323)
   defining Unicode char U+0144 (decimal 324)
   defining Unicode char U+0147 (decimal 327)
   defining Unicode char U+0148 (decimal 328)
   defining Unicode char U+014A (decimal 330)
   defining Unicode char U+014B (decimal 331)
   defining Unicode char U+0150 (decimal 336)
   defining Unicode char U+0151 (decimal 337)
   defining Unicode char U+0152 (decimal 338)
   defining Unicode char U+0153 (decimal 339)
   defining Unicode char U+0154 (decimal 340)
   defining Unicode char U+0155 (decimal 341)
   defining Unicode char U+0158 (decimal 344)
   defining Unicode char U+0159 (decimal 345)
   defining Unicode char U+015A (decimal 346)
   defining Unicode char U+015B (decimal 347)
   defining Unicode char U+015E (decimal 350)
   defining Unicode char U+015F (decimal 351)
   defining Unicode char U+0160 (decimal 352)
   defining Unicode char U+0161 (decimal 353)
   defining Unicode char U+0162 (decimal 354)
   defining Unicode char U+0163 (decimal 355)
   defining Unicode char U+0164 (decimal 356)
   defining Unicode char U+0165 (decimal 357)
   defining Unicode char U+016E (decimal 366)
   defining Unicode char U+016F (decimal 367)
   defining Unicode char U+0170 (decimal 368)
   defining Unicode char U+0171 (decimal 369)
   defining Unicode char U+0178 (decimal 376)
   defining Unicode char U+0179 (decimal 377)
   defining Unicode char U+017A (decimal 378)
   defining Unicode char U+017B (decimal 379)
   defining Unicode char U+017C (decimal 380)
   defining Unicode char U+017D (decimal 381)
   defining Unicode char U+017E (decimal 382)
   defining Unicode char U+200C (decimal 8204)
   defining Unicode char U+2013 (decimal 8211)
   defining Unicode char U+2014 (decimal 8212)
   defining Unicode char U+2018 (decimal 8216)
   defining Unicode char U+2019 (decimal 8217)
   defining Unicode char U+201A (decimal 8218)
   defining Unicode char U+201C (decimal 8220)
   defining Unicode char U+201D (decimal 8221)
   defining Unicode char U+201E (decimal 8222)
   defining Unicode char U+2030 (decimal 8240)
   defining Unicode char U+2031 (decimal 8241)
   defining Unicode char U+2039 (decimal 8249)
   defining Unicode char U+203A (decimal 8250)
   defining Unicode char U+2423 (decimal 9251)
)
Now handling font encoding OT1 ...
... processing UTF-8 mapping file for font encoding OT1

("C:\Program Files (x86)\MiKTeX 2.9\tex\latex\base\ot1enc.dfu"
File: ot1enc.dfu 2008/04/05 v1.1m UTF-8 support for inputenc
   defining Unicode char U+00A1 (decimal 161)
   defining Unicode char U+00A3 (decimal 163)
   defining Unicode char U+00B8 (decimal 184)
   defining Unicode char U+00BF (decimal 191)
   defining Unicode char U+00C5 (decimal 197)
   defining Unicode char U+00C6 (decimal 198)
   defining Unicode char U+00D8 (decimal 216)
   defining Unicode char U+00DF (decimal 223)
   defining Unicode char U+00E6 (decimal 230)
   defining Unicode char U+00EC (decimal 236)
   defining Unicode char U+00ED (decimal 237)
   defining Unicode char U+00EE (decimal 238)
   defining Unicode char U+00EF (decimal 239)
   defining Unicode char U+00F8 (decimal 248)
   defining Unicode char U+0131 (decimal 305)
   defining Unicode char U+0141 (decimal 321)
   defining Unicode char U+0142 (decimal 322)
   defining Unicode char U+0152 (decimal 338)
   defining Unicode char U+0153 (decimal 339)
   defining Unicode char U+2013 (decimal 8211)
   defining Unicode char U+2014 (decimal 8212)
   defining Unicode char U+2018 (decimal 8216)
   defining Unicode char U+2019 (decimal 8217)
   defining Unicode char U+201C (decimal 8220)
   defining Unicode char U+201D (decimal 8221)
)
Now handling font encoding OMS ...
... processing UTF-8 mapping file for font encoding OMS

("C:\Program Files (x86)\MiKTeX 2.9\tex\latex\base\omsenc.dfu"
File: omsenc.dfu 2008/04/05 v1.1m UTF-8 support for inputenc
   defining Unicode char U+00A7 (decimal 167)
   defining Unicode char U+00B6 (decimal 182)
   defining Unicode char U+00B7 (decimal 183)
   defining Unicode char U+2020 (decimal 8224)
   defining Unicode char U+2021 (decimal 8225)
   defining Unicode char U+2022 (decimal 8226)
)
Now handling font encoding OMX ...
... no UTF-8 mapping file for font encoding OMX
Now handling font encoding U ...
... no UTF-8 mapping file for font encoding U
   defining Unicode char U+00A9 (decimal 169)
   defining Unicode char U+00AA (decimal 170)
   defining Unicode char U+00AE (decimal 174)
   defining Unicode char U+00BA (decimal 186)
   defining Unicode char U+02C6 (decimal 710)
   defining Unicode char U+02DC (decimal 732)
   defining Unicode char U+200C (decimal 8204)
   defining Unicode char U+2026 (decimal 8230)
   defining Unicode char U+2122 (decimal 8482)
   defining Unicode char U+2423 (decimal 9251)
))
("C:\Program Files (x86)\MiKTeX 2.9\tex\generic\babel\babel.sty"
Package: babel 2008/07/08 v3.8m The Babel package

*************************************
* Local config file bblopts.cfg used
*
("C:\Program Files (x86)\MiKTeX 2.9\tex\latex\00miktex\bblopts.cfg"
File: bblopts.cfg 2006/07/31 v1.0 MiKTeX 'babel' configuration
)
("C:\Program Files (x86)\MiKTeX 2.9\tex\generic\babel\frenchb.ldf"
Language: frenchb 2009/03/16 v2.3d French support from the babel system

("C:\Program Files (x86)\MiKTeX 2.9\tex\generic\babel\babel.def"
File: babel.def 2008/07/08 v3.8m Babel common definitions
\babel@savecnt=\count88
\U@D=\dimen103
)
Package babel Info: Making : an active character on input line 120.
Package babel Info: Making ; an active character on input line 121.
Package babel Info: Making ! an active character on input line 122.
Package babel Info: Making ? an active character on input line 123.
\FB@Mht=\dimen104
\std@mcc=\count89
\dec@mcc=\count90
\parindentFFN=\dimen105

*************************************
* Local config file frenchb.cfg used
*
("C:\Program Files (x86)\MiKTeX 2.9\tex\generic\babel\frenchb.cfg")))
("C:\Program Files (x86)\MiKTeX 2.9\tex\latex\carlisle\scalefnt.sty")
("C:\Program Files (x86)\MiKTeX 2.9\tex\latex\graphics\keyval.sty"
Package: keyval 1999/03/16 v1.13 key=value parser (DPC)
\KV@toks@=\toks16
)
("C:\Program Files (x86)\MiKTeX 2.9\tex\latex\base\fontenc.sty"
Package: fontenc 2005/09/27 v1.99g Standard LaTeX package

("C:\Program Files (x86)\MiKTeX 2.9\tex\latex\base\t1enc.def"
File: t1enc.def 2005/09/27 v1.99g Standard LaTeX file
LaTeX Font Info:    Redeclaring font encoding T1 on input line 43.
))
("C:\Program Files (x86)\MiKTeX 2.9\tex\latex\amsmath\amsmath.sty"
Package: amsmath 2013/01/14 v2.14 AMS math features
\@mathmargin=\skip43

For additional information on amsmath, use the `?' option.
("C:\Program Files (x86)\MiKTeX 2.9\tex\latex\amsmath\amstext.sty"
Package: amstext 2000/06/29 v2.01

("C:\Program Files (x86)\MiKTeX 2.9\tex\latex\amsmath\amsgen.sty"
File: amsgen.sty 1999/11/30 v2.0
\@emptytoks=\toks17
\ex@=\dimen106
))
("C:\Program Files (x86)\MiKTeX 2.9\tex\latex\amsmath\amsbsy.sty"
Package: amsbsy 1999/11/29 v1.2d
\pmbraise@=\dimen107
)
("C:\Program Files (x86)\MiKTeX 2.9\tex\latex\amsmath\amsopn.sty"
Package: amsopn 1999/12/14 v2.01 operator names
)
\inf@bad=\count91
LaTeX Info: Redefining \frac on input line 210.
\uproot@=\count92
\leftroot@=\count93
LaTeX Info: Redefining \overline on input line 306.
\classnum@=\count94
\DOTSCASE@=\count95
LaTeX Info: Redefining \ldots on input line 378.
LaTeX Info: Redefining \dots on input line 381.
LaTeX Info: Redefining \cdots on input line 466.
\Mathstrutbox@=\box26
\strutbox@=\box27
\big@size=\dimen108
LaTeX Font Info:    Redeclaring font encoding OML on input line 566.
LaTeX Font Info:    Redeclaring font encoding OMS on input line 567.
\macc@depth=\count96
\c@MaxMatrixCols=\count97
\dotsspace@=\muskip10
\c@parentequation=\count98
\dspbrk@lvl=\count99
\tag@help=\toks18
\row@=\count100
\column@=\count101
\maxfields@=\count102
\andhelp@=\toks19
\eqnshift@=\dimen109
\alignsep@=\dimen110
\tagshift@=\dimen111
\tagwidth@=\dimen112
\totwidth@=\dimen113
\lineht@=\dimen114
\@envbody=\toks20
\multlinegap=\skip44
\multlinetaggap=\skip45
\mathdisplay@stack=\toks21
LaTeX Info: Redefining \[ on input line 2665.
LaTeX Info: Redefining \] on input line 2666.
)
("C:\Program Files (x86)\MiKTeX 2.9\tex\latex\amscls\amsthm.sty"
Package: amsthm 2004/08/06 v2.20
\thm@style=\toks22
\thm@bodyfont=\toks23
\thm@headfont=\toks24
\thm@notefont=\toks25
\thm@headpunct=\toks26
\thm@preskip=\skip46
\thm@postskip=\skip47
\thm@headsep=\skip48
\dth@everypar=\toks27
)
("C:\Program Files (x86)\MiKTeX 2.9\tex\latex\algorithms\algorithm.sty"
Package: algorithm 2009/08/24 v0.1 Document Style `algorithm' - floating enviro
nment

("C:\Program Files (x86)\MiKTeX 2.9\tex\latex\float\float.sty"
Package: float 2001/11/08 v1.3d Float enhancements (AL)
\c@float@type=\count103
\float@exts=\toks28
\float@box=\box28
\@float@everytoks=\toks29
\@floatcapt=\box29
)
("C:\Program Files (x86)\MiKTeX 2.9\tex\latex\base\ifthen.sty"
Package: ifthen 2001/05/26 v1.1c Standard LaTeX ifthen package (DPC)
)
\@float@every@algorithm=\toks30
\c@algorithm=\count104
)
("C:\Program Files (x86)\MiKTeX 2.9\tex\latex\algorithmicx\algorithmicx.sty"
Package: algorithmicx 2005/04/27 v1.2 Algorithmicx

Document Style algorithmicx 1.2 - a greatly improved `algorithmic' style
\c@ALG@line=\count105
\c@ALG@rem=\count106
\c@ALG@nested=\count107
\ALG@tlm=\skip49
\ALG@thistlm=\skip50
\c@ALG@Lnr=\count108
\c@ALG@blocknr=\count109
\c@ALG@storecount=\count110
\c@ALG@tmpcounter=\count111
\ALG@tmplength=\skip51
) ("C:\Program Files (x86)\MiKTeX 2.9\tex\latex\listings\listings.sty"
\lst@mode=\count112
\lst@gtempboxa=\box30
\lst@token=\toks31
\lst@length=\count113
\lst@currlwidth=\dimen115
\lst@column=\count114
\lst@pos=\count115
\lst@lostspace=\dimen116
\lst@width=\dimen117
\lst@newlines=\count116
\lst@lineno=\count117
\lst@maxwidth=\dimen118

("C:\Program Files (x86)\MiKTeX 2.9\tex\latex\listings\lstmisc.sty"
File: lstmisc.sty 2014/03/04 1.5c (Carsten Heinz)
\c@lstnumber=\count118
\lst@skipnumbers=\count119
\lst@framebox=\box31
)
("C:\Program Files (x86)\MiKTeX 2.9\tex\latex\listings\listings.cfg"
File: listings.cfg 2014/03/04 1.5c listings configuration
))
Package: listings 2014/03/04 1.5c (Carsten Heinz)

("C:\Program Files (x86)\MiKTeX 2.9\tex\latex\algorithmicx\algpseudocode.sty"
Package: algpseudocode 

Document Style - pseudocode environments for use with the `algorithmicx' style
) ("C:\Program Files (x86)\MiKTeX 2.9\tex\latex\graphics\color.sty"
Package: color 2005/11/14 v1.0j Standard LaTeX Color (DPC)

("C:\Program Files (x86)\MiKTeX 2.9\tex\latex\00miktex\color.cfg"
File: color.cfg 2007/01/18 v1.5 color configuration of teTeX/TeXLive
)
Package color Info: Driver file: pdftex.def on input line 130.

("C:\Program Files (x86)\MiKTeX 2.9\tex\latex\pdftex-def\pdftex.def"
File: pdftex.def 2011/05/27 v0.06d Graphics/color for pdfTeX

("C:\Program Files (x86)\MiKTeX 2.9\tex\generic\oberdiek\infwarerr.sty"
Package: infwarerr 2010/04/08 v1.3 Providing info/warning/error messages (HO)
)
("C:\Program Files (x86)\MiKTeX 2.9\tex\generic\oberdiek\ltxcmds.sty"
Package: ltxcmds 2011/11/09 v1.22 LaTeX kernel commands for general use (HO)
)
\Gread@gobject=\count120
)
("C:\Program Files (x86)\MiKTeX 2.9\tex\latex\graphics\dvipsnam.def"
File: dvipsnam.def 1999/02/16 v3.0i Driver-dependant file (DPC,SPQR)
))
("C:\Program Files (x86)\MiKTeX 2.9\tex\latex\amsfonts\amsfonts.sty"
Package: amsfonts 2013/01/14 v3.01 Basic AMSFonts support
\symAMSa=\mathgroup4
\symAMSb=\mathgroup5
LaTeX Font Info:    Overwriting math alphabet `\mathfrak' in version `bold'
(Font)                  U/euf/m/n --> U/euf/b/n on input line 106.
)
("C:\Program Files (x86)\MiKTeX 2.9\tex\latex\amsfonts\amssymb.sty"
Package: amssymb 2013/01/14 v3.01 AMS font symbols
)
("C:\Program Files (x86)\MiKTeX 2.9\tex\latex\overpic\overpic.sty"
Package: overpic 2010/09/13 v0.53  Overwriting graphics

Package: overpic v0.53 <2010/09/13> (RN)
("C:\Program Files (x86)\MiKTeX 2.9\tex\latex\graphics\graphicx.sty"
Package: graphicx 1999/02/16 v1.0f Enhanced LaTeX Graphics (DPC,SPQR)

("C:\Program Files (x86)\MiKTeX 2.9\tex\latex\graphics\graphics.sty"
Package: graphics 2009/02/05 v1.0o Standard LaTeX Graphics (DPC,SPQR)

("C:\Program Files (x86)\MiKTeX 2.9\tex\latex\graphics\trig.sty"
Package: trig 1999/03/16 v1.09 sin cos tan (DPC)
)
("C:\Program Files (x86)\MiKTeX 2.9\tex\latex\00miktex\graphics.cfg"
File: graphics.cfg 2007/01/18 v1.5 graphics configuration of teTeX/TeXLive
)
Package graphics Info: Driver file: pdftex.def on input line 91.
)
\Gin@req@height=\dimen119
\Gin@req@width=\dimen120
)
("C:\Program Files (x86)\MiKTeX 2.9\tex\latex\eepic\epic.sty"
Enhancements to Picture Environment. Version 1.2 - Released June 1, 1986
\@@multicnt=\count121
\d@lta=\count122
\@delta=\dimen121
\@@delta=\dimen122
\@gridcnt=\count123
\@joinkind=\count124
\@dotgap=\dimen123
\@ddotgap=\dimen124
\@x@diff=\count125
\@y@diff=\count126
\x@diff=\dimen125
\y@diff=\dimen126
\@dotbox=\box32
\num@segments=\count127
\num@segmentsi=\count128
\@datafile=\read1
)
overpic: relative positioning in percent
) ("C:\Program Files (x86)\MiKTeX 2.9\tex\latex\fancybox\fancybox.sty"
Package: fancybox 2010/05/15 1.4

Style option: `fancybox' v1.4 <2010/05/15> (tvz)
\@fancybox=\box33
\shadowsize=\dimen127
\@Sbox=\box34
\do@VerbBox=\toks32
\the@fancyput=\toks33
\this@fancyput=\toks34
\EndVerbatimTokens=\toks35
\Verbatim@Outfile=\write3
\Verbatim@Infile=\read2
) ("C:\Program Files (x86)\MiKTeX 2.9\tex\latex\here\here.sty")
("C:\Program Files (x86)\MiKTeX 2.9\tex\latex\setspace\setspace.sty"
Package: setspace 2011/12/19 v6.7a set line spacing
)
("C:\Program Files (x86)\MiKTeX 2.9\tex\latex\colortbl\colortbl.sty"
Package: colortbl 2012/02/13 v1.0a Color table columns (DPC)

("C:\Program Files (x86)\MiKTeX 2.9\tex\latex\tools\array.sty"
Package: array 2008/09/09 v2.4c Tabular extension package (FMi)
\col@sep=\dimen128
\extrarowheight=\dimen129
\NC@list=\toks36
\extratabsurround=\skip52
\backup@length=\skip53
)
\everycr=\toks37
\minrowclearance=\skip54
)
("C:\Program Files (x86)\MiKTeX 2.9\tex\latex\multirow\multirow.sty"
\bigstrutjot=\dimen130
)
("C:\Program Files (x86)\MiKTeX 2.9\tex\latex\graphics\epsfig.sty"
Package: epsfig 1999/02/16 v1.7a (e)psfig emulation (SPQR)
\epsfxsize=\dimen131
\epsfysize=\dimen132
)
("C:\Program Files (x86)\MiKTeX 2.9\tex\latex\geometry\geometry.sty"
Package: geometry 2010/09/12 v5.6 Page Geometry

("C:\Program Files (x86)\MiKTeX 2.9\tex\generic\oberdiek\ifpdf.sty"
Package: ifpdf 2011/01/30 v2.3 Provides the ifpdf switch (HO)
Package ifpdf Info: pdfTeX in PDF mode is detected.
)
("C:\Program Files (x86)\MiKTeX 2.9\tex\generic\oberdiek\ifvtex.sty"
Package: ifvtex 2010/03/01 v1.5 Detect VTeX and its facilities (HO)
Package ifvtex Info: VTeX not detected.
)
("C:\Program Files (x86)\MiKTeX 2.9\tex\generic\ifxetex\ifxetex.sty"
Package: ifxetex 2010/09/12 v0.6 Provides ifxetex conditional
)
\Gm@cnth=\count129
\Gm@cntv=\count130
\c@Gm@tempcnt=\count131
\Gm@bindingoffset=\dimen133
\Gm@wd@mp=\dimen134
\Gm@odd@mp=\dimen135
\Gm@even@mp=\dimen136
\Gm@layoutwidth=\dimen137
\Gm@layoutheight=\dimen138
\Gm@layouthoffset=\dimen139
\Gm@layoutvoffset=\dimen140
\Gm@dimlist=\toks38

("C:\Program Files (x86)\MiKTeX 2.9\tex\latex\geometry\geometry.cfg"))
("C:\Program Files (x86)\MiKTeX 2.9\tex\latex\fncychap\fncychap.sty"
Package: fncychap 2007/07/30 v1.34 LaTeX package (Revised chapters)
\RW=\skip55
\mylen=\skip56
\myhi=\skip57
\px=\skip58
\py=\skip59
\pyy=\skip60
\pxx=\skip61
\backskip=\skip62
)
("C:\Program Files (x86)\MiKTeX 2.9\tex\latex\fancyhdr\fancyhdr.sty"
\fancy@headwidth=\skip63
\f@ncyO@elh=\skip64
\f@ncyO@erh=\skip65
\f@ncyO@olh=\skip66
\f@ncyO@orh=\skip67
\f@ncyO@elf=\skip68
\f@ncyO@erf=\skip69
\f@ncyO@olf=\skip70
\f@ncyO@orf=\skip71
)
("C:\Program Files (x86)\MiKTeX 2.9\tex\latex\lettrine\lettrine.sty"
File: lettrine.sty 2013/03/14 v1.64 (Daniel Flipo)
\c@DefaultLines=\count132
\DefaultFindent=\dimen141
\DefaultNindent=\dimen142
\DefaultSlope=\dimen143
\L@lbox=\box35
\L@tbox=\box36
\c@L@lines=\count133
\L@Pindent=\dimen144
\L@Findent=\dimen145
\L@Nindent=\dimen146
\L@lraise=\dimen147
\L@first=\dimen148
\L@next=\dimen149
\L@slope=\dimen150
\L@height=\dimen151
\LettrineWidth=\dimen152

Loading lettrine.cfg
("C:\Program Files (x86)\MiKTeX 2.9\tex\latex\lettrine\lettrine.cfg"))
\c@montheorem=\count134
\c@maproposition=\count135
\c@madefinition=\count136
\c@manotation=\count137
\c@moncorollary=\count138
\c@monlemma=\count139
\c@monexp=\count140

(C:\Users\Houssem\Desktop\pfat\RapportSarar\rapport_PFE.aux
(C:\Users\Houssem\Desktop\pfat\RapportSarar\pgarde.aux)
(C:\Users\Houssem\Desktop\pfat\RapportSarar\Remerciement.aux)
(C:\Users\Houssem\Desktop\pfat\RapportSarar\rs.aux)
(C:\Users\Houssem\Desktop\pfat\RapportSarar\abstract.aux)
(C:\Users\Houssem\Desktop\pfat\RapportSarar\Acronyme.aux)
(C:\Users\Houssem\Desktop\pfat\RapportSarar\Introduction.aux)
(C:\Users\Houssem\Desktop\pfat\RapportSarar\chap1.aux)
(C:\Users\Houssem\Desktop\pfat\RapportSarar\chap2.aux

LaTeX Warning: Label `intro' multiply defined.

) (C:\Users\Houssem\Desktop\pfat\RapportSarar\chap3.aux

LaTeX Warning: Label `intro' multiply defined.

) (C:\Users\Houssem\Desktop\pfat\RapportSarar\Conclusion.aux))
LaTeX Font Info:    Checking defaults for OML/cmm/m/it on input line 42.
LaTeX Font Info:    ... okay on input line 42.
LaTeX Font Info:    Checking defaults for T1/cmr/m/n on input line 42.
LaTeX Font Info:    ... okay on input line 42.
LaTeX Font Info:    Checking defaults for OT1/cmr/m/n on input line 42.
LaTeX Font Info:    ... okay on input line 42.
LaTeX Font Info:    Checking defaults for OMS/cmsy/m/n on input line 42.
LaTeX Font Info:    ... okay on input line 42.
LaTeX Font Info:    Checking defaults for OMX/cmex/m/n on input line 42.
LaTeX Font Info:    ... okay on input line 42.
LaTeX Font Info:    Checking defaults for U/cmr/m/n on input line 42.
LaTeX Font Info:    ... okay on input line 42.
LaTeX Info: Redefining \degres on input line 42.
LaTeX Info: Redefining \dots on input line 42.
LaTeX Info: Redefining \up on input line 42.
\c@lstlisting=\count141

("C:\Program Files (x86)\MiKTeX 2.9\tex\context\base\supp-pdf.mkii"
[Loading MPS to PDF converter (version 2006.09.02).]
\scratchcounter=\count142
\scratchdimen=\dimen153
\scratchbox=\box37
\nofMPsegments=\count143
\nofMParguments=\count144
\everyMPshowfont=\toks39
\MPscratchCnt=\count145
\MPscratchDim=\dimen154
\MPnumerator=\count146
\makeMPintoPDFobject=\count147
\everyMPtoPDFconversion=\toks40
)
*geometry* driver: auto-detecting
*geometry* detected driver: pdftex
*geometry* verbose mode - [ preamble ] result:
* driver: pdftex
* paper: a4paper
* layout: <same size as paper>
* layoutoffset:(h,v)=(0.0pt,0.0pt)
* modes: 
* h-part:(L,W,R)=(56.9055pt, 483.69687pt, 56.9055pt)
* v-part:(T,H,B)=(85.35826pt, 674.33032pt, 85.35826pt)
* \paperwidth=597.50787pt
* \paperheight=845.04684pt
* \textwidth=483.69687pt
* \textheight=674.33032pt
* \oddsidemargin=-15.36449pt
* \evensidemargin=-15.36449pt
* \topmargin=-23.91173pt
* \headheight=12.0pt
* \headsep=25.0pt
* \topskip=12.0pt
* \footskip=30.0pt
* \marginparwidth=35.0pt
* \marginparsep=10.0pt
* \columnsep=10.0pt
* \skip\footins=10.8pt plus 4.0pt minus 2.0pt
* \hoffset=0.0pt
* \voffset=0.0pt
* \mag=1000
* \@twocolumnfalse
* \@twosidefalse
* \@mparswitchfalse
* \@reversemarginfalse
* (1in=72.27pt=25.4mm, 1cm=28.453pt)


Package Fancyhdr Warning: \fancyhead's `E' option without twoside option is use
less on input line 52.


Package Fancyhdr Warning: \fancyhead's `E' option without twoside option is use
less on input line 52.


Package Fancyhdr Warning: \fancyhead's `E' option without twoside option is use
less on input line 52.


Package Fancyhdr Warning: \fancyfoot's `E' option without twoside option is use
less on input line 55.


Package Fancyhdr Warning: \fancyfoot's `E' option without twoside option is use
less on input line 55.


Package Fancyhdr Warning: \fancyfoot's `E' option without twoside option is use
less on input line 56.

\c@rem=\count148
\c@hyp=\count149
\c@definition=\count150
\c@proposition=\count151
\c@lem=\count152
(C:\Users\Houssem\Desktop\pfat\RapportSarar\pgarde.tex
<en.png, id=1, 150.5625pt x 148.30406pt>
File: en.png Graphic file (type png)
 <use en.png>
Package pdftex.def Info: en.png used on input line 25.
(pdftex.def)             Requested size: 142.26378pt x 140.14352pt.
LaTeX Font Info:    Try loading font information for U+msa on input line 52.

("C:\Program Files (x86)\MiKTeX 2.9\tex\latex\amsfonts\umsa.fd"
File: umsa.fd 2013/01/14 v3.01 AMS symbols A
)
LaTeX Font Info:    Try loading font information for U+msb on input line 52.

("C:\Program Files (x86)\MiKTeX 2.9\tex\latex\amsfonts\umsb.fd"
File: umsb.fd 2013/01/14 v3.01 AMS symbols B
)
Overfull \hbox (17.6195pt too wide) in paragraph at lines 52--53
 [][] 
 []

) [1


{C:/ProgramData/MiKTeX/2.9/pdftex/config/pdftex.map} <C:/Users/Houssem/Desktop/
pfat/RapportSarar/en.png>]
(C:\Users\Houssem\Desktop\pfat\RapportSarar\Remerciement.tex) [1



]
(C:\Users\Houssem\Desktop\pfat\RapportSarar\rs.tex)
Underfull \hbox (badness 10000) in paragraph at lines 2--79

 []


Underfull \hbox (badness 10000) in paragraph at lines 2--79

 []

[2



] (C:\Users\Houssem\Desktop\pfat\RapportSarar\abstract.tex)
Underfull \hbox (badness 10000) in paragraph at lines 2--80

 []


Underfull \hbox (badness 10000) in paragraph at lines 2--80

 []

[3



] (C:\Users\Houssem\Desktop\pfat\RapportSarar\Acronyme.tex) [4



]
(C:\Users\Houssem\Desktop\pfat\RapportSarar\rapport_PFE.toc [5


])
\tf@toc=\write4
LaTeX Font Info:    Try loading font information for T1+cmss on input line 85.

("C:\Program Files (x86)\MiKTeX 2.9\tex\latex\base\t1cmss.fd"
File: t1cmss.fd 1999/05/25 v2.5h Standard LaTeX font definitions
)

Package Fancyhdr Warning: \headheight is too small (12.0pt): 
 Make it at least 14.49998pt.
 We now make it that large for the rest of the document.
 This may cause the page layout to be inconsistent, however.

[6] (C:\Users\Houssem\Desktop\pfat\RapportSarar\rapport_PFE.lot)
\tf@lot=\write5
 [7

]
(C:\Users\Houssem\Desktop\pfat\RapportSarar\rapport_PFE.lof)
\tf@lof=\write6
 [8

]
(C:\Users\Houssem\Desktop\pfat\RapportSarar\Introduction.tex
Underfull \hbox (badness 10000) in paragraph at lines 6--10

 []


Underfull \hbox (badness 10000) in paragraph at lines 11--13

 []

) [1


] [2] (C:\Users\Houssem\Desktop\pfat\RapportSarar\chap1.tex
Chapitre 1.

Underfull \hbox (badness 10000) in paragraph at lines 15--16

 []


Underfull \hbox (badness 10000) in paragraph at lines 17--18

 []

[3



]
Underfull \hbox (badness 10000) in paragraph at lines 19--20

 []


Underfull \hbox (badness 10000) in paragraph at lines 21--23

 []


Underfull \hbox (badness 10000) in paragraph at lines 27--28

 []


Underfull \hbox (badness 10000) in paragraph at lines 29--30

 []

[4]
Underfull \hbox (badness 10000) in paragraph at lines 39--40

 []


Underfull \hbox (badness 10000) in paragraph at lines 41--42

 []

[5] <trois_couche_cloud.png, id=59, 444.15938pt x 237.88875pt>
File: trois_couche_cloud.png Graphic file (type png)

<use trois_couche_cloud.png>
Package pdftex.def Info: trois_couche_cloud.png used on input line 54.
(pdftex.def)             Requested size: 341.43306pt x 182.86998pt.

Underfull \hbox (badness 10000) in paragraph at lines 50--56

 []

[6 <C:/Users/Houssem/Desktop/pfat/RapportSarar/trois_couche_cloud.png>]
Underfull \hbox (badness 10000) in paragraph at lines 67--69

 []


Underfull \hbox (badness 10000) in paragraph at lines 70--71

 []

[7]
Underfull \hbox (badness 10000) in paragraph at lines 72--73

 []


Underfull \hbox (badness 10000) in paragraph at lines 74--75

 []

[8] <cloud_prive_public_hybride.png, id=72, 594.72188pt x 314.67563pt>
File: cloud_prive_public_hybride.png Graphic file (type png)

<use cloud_prive_public_hybride.png>
Package pdftex.def Info: cloud_prive_public_hybride.png used on input line 90.
(pdftex.def)             Requested size: 341.43306pt x 180.65378pt.

Underfull \hbox (badness 10000) in paragraph at lines 95--98

 []

[9 <C:/Users/Houssem/Desktop/pfat/RapportSarar/cloud_prive_public_hybride.png>]

Underfull \hbox (badness 10000) in paragraph at lines 100--101

 []


Underfull \hbox (badness 10000) in paragraph at lines 103--104

 []


Underfull \hbox (badness 10000) in paragraph at lines 105--106

 []

[10] [11]) [12] (C:\Users\Houssem\Desktop\pfat\RapportSarar\chap2.tex
Chapitre 2.

Underfull \hbox (badness 10000) in paragraph at lines 16--17

 []

[13



]
Underfull \hbox (badness 10000) in paragraph at lines 19--20

 []


Underfull \hbox (badness 10000) in paragraph at lines 34--35

 []


Underfull \hbox (badness 10000) in paragraph at lines 37--38

 []


Underfull \hbox (badness 10000) in paragraph at lines 39--43

 []


Underfull \hbox (badness 10000) in paragraph at lines 44--45

 []

[14]
Underfull \hbox (badness 10000) in paragraph at lines 59--61

 []


Underfull \hbox (badness 10000) in paragraph at lines 62--64

 []


Underfull \hbox (badness 10000) in paragraph at lines 65--66

 []


Underfull \hbox (badness 10000) in paragraph at lines 71--73

 []

[15]
Underfull \hbox (badness 7151) in paragraph at lines 153--154
[] \T1/cmr/bx/n/12 if \T1/cmr/m/n/12 ((pro-prie-teA.retournerNom()==proprieteB.
retournerNom) and (pro-prie-
 []

[16]
Underfull \hbox (badness 5050) in paragraph at lines 190--191
[] \T1/cmr/bx/n/12 if \T1/cmr/m/n/12 ((pro-prie-teA.retournerNom()==proprieteB.
retournerNom()) and ( pro-prie-
 []

[17]) [18] (C:\Users\Houssem\Desktop\pfat\RapportSarar\chap3.tex
Chapitre 3.

Underfull \hbox (badness 10000) in paragraph at lines 4--6

 []

[19



]
Underfull \hbox (badness 10000) in paragraph at lines 30--31

 []

<cas_utilisation.png, id=115, 606.01407pt x 319.1925pt>
File: cas_utilisation.png Graphic file (type png)

<use cas_utilisation.png>
Package pdftex.def Info: cas_utilisation.png used on input line 37.
(pdftex.def)             Requested size: 569.05511pt x 299.72926pt.

Overfull \hbox (85.35825pt too wide) in paragraph at lines 37--37
 [][] 
 []

[20] <diagramme_sequence_system.png, id=119, 606.01407pt x 319.1925pt>
File: diagramme_sequence_system.png Graphic file (type png)

<use diagramme_sequence_system.png>
Package pdftex.def Info: diagramme_sequence_system.png used on input line 48.
(pdftex.def)             Requested size: 569.05511pt x 299.72926pt.

Overfull \hbox (85.35825pt too wide) in paragraph at lines 48--48
 [][] 
 []


Underfull \hbox (badness 10000) in paragraph at lines 41--50

 []

[21 <C:/Users/Houssem/Desktop/pfat/RapportSarar/cas_utilisation.png>]
<diag_sequence_detaille.png, id=124, 682.80093pt x 498.36188pt>
File: diag_sequence_detaille.png Graphic file (type png)

<use diag_sequence_detaille.png>
Package pdftex.def Info: diag_sequence_detaille.png used on input line 56.
(pdftex.def)             Requested size: 483.69684pt x 353.04855pt.

Underfull \hbox (badness 10000) in paragraph at lines 52--58

 []

[22 <C:/Users/Houssem/Desktop/pfat/RapportSarar/diagramme_sequence_system.png>]

Underfull \hbox (badness 10000) in paragraph at lines 60--64

 []

[23 <C:/Users/Houssem/Desktop/pfat/RapportSarar/diag_sequence_detaille.png>]
Underfull \hbox (badness 10000) in paragraph at lines 72--74

 []

<mvc.png, id=132, 489.32813pt x 293.59688pt>
File: mvc.png Graphic file (type png)
 <use mvc.png>
Package pdftex.def Info: mvc.png used on input line 83.
(pdftex.def)             Requested size: 483.69684pt x 290.22276pt.
 [24]
<cloudle_ontologie.jpg, id=136, 1297.84875pt x 561.09625pt>
File: cloudle_ontologie.jpg Graphic file (type jpg)

<use cloudle_ontologie.jpg>
Package pdftex.def Info: cloudle_ontologie.jpg used on input line 91.
(pdftex.def)             Requested size: 426.79134pt x 184.51164pt.

Underfull \hbox (badness 10000) in paragraph at lines 87--93

 []

<imprime_concepts.png, id=137, 520.19344pt x 362.10281pt>
File: imprime_concepts.png Graphic file (type png)

<use imprime_concepts.png>
Package pdftex.def Info: imprime_concepts.png used on input line 100.
(pdftex.def)             Requested size: 398.33858pt x 277.27847pt.

Underfull \hbox (badness 10000) in paragraph at lines 96--102

 []

[25 <C:/Users/Houssem/Desktop/pfat/RapportSarar/mvc.png> <C:/Users/Houssem/Desk
top/pfat/RapportSarar/cloudle_ontologie.jpg>]
Underfull \hbox (badness 10000) in paragraph at lines 104--105

 []

<impr2.png, id=141, 561.59813pt x 435.12563pt>
File: impr2.png Graphic file (type png)
 <use impr2.png>
Package pdftex.def Info: impr2.png used on input line 110.
(pdftex.def)             Requested size: 398.33858pt x 308.62929pt.
 [26 <C:/Users/Houssem/Desktop/pfat/RapportSarar/imprime_concepts.png>]
<imr_debian.png, id=146, 754.31813pt x 326.72063pt>
File: imr_debian.png Graphic file (type png)
 <use imr_debian.png>
Package pdftex.def Info: imr_debian.png used on input line 118.
(pdftex.def)             Requested size: 426.79134pt x 184.85672pt.

<imprime_i3_hasMultiCore.png, id=147, 750.55406pt x 326.72063pt>
File: imprime_i3_hasMultiCore.png Graphic file (type png)

<use imprime_i3_hasMultiCore.png>
Package pdftex.def Info: imprime_i3_hasMultiCore.png used on input line 126.
(pdftex.def)             Requested size: 426.79134pt x 185.78899pt.
 [27 <C:/Users/Houssem/Desktop/pfat/RapportSarar/impr2.png> <C:/Users/Houssem/D
esktop/pfat/RapportSarar/imr_debian.png>]
<imprime_i5.png, id=153, 752.0597pt x 325.96782pt>
File: imprime_i5.png Graphic file (type png)
 <use imprime_i5.png>
Package pdftex.def Info: imprime_i5.png used on input line 133.
(pdftex.def)             Requested size: 426.79134pt x 184.98787pt.

Underfull \hbox (badness 10000) in paragraph at lines 143--144

 []

[28 <C:/Users/Houssem/Desktop/pfat/RapportSarar/imprime_i3_hasMultiCore.png> <C
:/Users/Houssem/Desktop/pfat/RapportSarar/imprime_i5.png>]) [29]
(C:\Users\Houssem\Desktop\pfat\RapportSarar\Conclusion.tex
Underfull \hbox (badness 10000) in paragraph at lines 3--5

 []


Underfull \hbox (badness 10000) in paragraph at lines 15--17

 []

) [30



] [31] (C:\Users\Houssem\Desktop\pfat\RapportSarar\rapport_PFE.aux
(C:\Users\Houssem\Desktop\pfat\RapportSarar\pgarde.aux)
(C:\Users\Houssem\Desktop\pfat\RapportSarar\Remerciement.aux)
(C:\Users\Houssem\Desktop\pfat\RapportSarar\rs.aux)
(C:\Users\Houssem\Desktop\pfat\RapportSarar\abstract.aux)
(C:\Users\Houssem\Desktop\pfat\RapportSarar\Acronyme.aux)
(C:\Users\Houssem\Desktop\pfat\RapportSarar\Introduction.aux)
(C:\Users\Houssem\Desktop\pfat\RapportSarar\chap1.aux)
(C:\Users\Houssem\Desktop\pfat\RapportSarar\chap2.aux)
(C:\Users\Houssem\Desktop\pfat\RapportSarar\chap3.aux)
(C:\Users\Houssem\Desktop\pfat\RapportSarar\Conclusion.aux))

LaTeX Warning: There were multiply-defined labels.

 ) 
Here is how much of TeX's memory you used:
 6953 strings out of 493921
 95495 string characters out of 3144870
 175777 words of memory out of 3000000
 10000 multiletter control sequences out of 15000+200000
 23078 words of font info for 57 fonts, out of 3000000 for 9000
 841 hyphenation exceptions out of 8191
 34i,12n,43p,1238b,384s stack positions out of 5000i,500n,10000p,200000b,50000s
{C:/Program Files (x86)/MiKTeX 2.9/fonts/enc/dvips/cm-super/cm-super-t1.enc}<
C:/Program Files (x86)/MiKTeX 2.9/fonts/type1/public/amsfonts/cm/cmmi12.pfb><C:
/Program Files (x86)/MiKTeX 2.9/fonts/type1/public/amsfonts/cm/cmmi8.pfb><C:/Pr
ogram Files (x86)/MiKTeX 2.9/fonts/type1/public/amsfonts/cm/cmr12.pfb><C:/Progr
am Files (x86)/MiKTeX 2.9/fonts/type1/public/amsfonts/cm/cmr8.pfb><C:/Program F
iles (x86)/MiKTeX 2.9/fonts/type1/public/amsfonts/cm/cmsy10.pfb><C:/Program Fil
es (x86)/MiKTeX 2.9/fonts/type1/public/amsfonts/cm/cmsy8.pfb><C:/Program Files 
(x86)/MiKTeX 2.9/fonts/type1/public/cm-super/sfbi2074.pfb><C:/Program Files (x8
6)/MiKTeX 2.9/fonts/type1/public/cm-super/sfbx1200.pfb><C:/Program Files (x86)/
MiKTeX 2.9/fonts/type1/public/cm-super/sfbx1440.pfb><C:/Program Files (x86)/MiK
TeX 2.9/fonts/type1/public/cm-super/sfbx1728.pfb><C:/Program Files (x86)/MiKTeX
 2.9/fonts/type1/public/cm-super/sfbx2074.pfb><C:/Program Files (x86)/MiKTeX 2.
9/fonts/type1/public/cm-super/sfcc1200.pfb><C:/Program Files (x86)/MiKTeX 2.9/f
onts/type1/public/cm-super/sfrm1000.pfb><C:/Program Files (x86)/MiKTeX 2.9/font
s/type1/public/cm-super/sfrm1200.pfb><C:/Program Files (x86)/MiKTeX 2.9/fonts/t
ype1/public/cm-super/sfrm1728.pfb><C:/Program Files (x86)/MiKTeX 2.9/fonts/type
1/public/cm-super/sfss1000.pfb><C:/Program Files (x86)/MiKTeX 2.9/fonts/type1/p
ublic/cm-super/sfss1728.pfb><C:/Program Files (x86)/MiKTeX 2.9/fonts/type1/publ
ic/cm-super/sfss2488.pfb><C:/Program Files (x86)/MiKTeX 2.9/fonts/type1/public/
cm-super/sfti1000.pfb>
Output written on rapport_PFE.pdf (40 pages, 796227 bytes).
PDF statistics:
 231 PDF objects out of 1000 (max. 8388607)
 0 named destinations out of 1000 (max. 500000)
 66 words of extra memory for PDF output out of 10000 (max. 10000000)

